15:22:37 **** Incremental Build of configuration Debug for project ARM_STM_32f103 ****
make all 
Building file: ../01- MCAL/04-NVIC/NVIC_program.c
Invoking: Cross ARM GNU C Compiler
arm-none-eabi-gcc -mcpu=cortex-m3 -mthumb -Og -fmessage-length=0 -fsigned-char -ffunction-sections -fdata-sections -ffreestanding -fno-move-loop-invariants -Wall -Wextra  -g3 -DDEBUG -DUSE_FULL_ASSERT -DTRACE -DOS_USE_TRACE_SEMIHOSTING_DEBUG -DSTM32F10X_MD -DUSE_STDPERIPH_DRIVER -DHSE_VALUE=8000000 -I"../include" -I"../system/include" -I"../system/include/cmsis" -I"../system/include/stm32f1-stdperiph" -std=gnu11 -MMD -MP -MF"01- MCAL/04-NVIC/NVIC_program.d" -MT"01-\ MCAL/04-NVIC/NVIC_program.d" -c -o "01- MCAL/04-NVIC/NVIC_program.o" "../01- MCAL/04-NVIC/NVIC_program.c"
../01- MCAL/04-NVIC/NVIC_program.c:7:10: fatal error: ../04- LIB/STD_TYPES.h: No such file or directory
 #include "../04- LIB/STD_TYPES.h"
          ^~~~~~~~~~~~~~~~~~~~~~~~
compilation terminated.
make: *** [01- MCAL/04-NVIC/subdir.mk:20: 01- MCAL/04-NVIC/NVIC_program.o] Error 1

15:22:37 Build Finished (took 513ms)

